This file contains any messages produced by compilers while
running configure, to aid debugging if configure makes a mistake.

It was created by FULL-PACKAGE-NAME configure VERSION, which was
generated by GNU Autoconf 2.69.  Invocation command line was

  $ ./configure 

## --------- ##
## Platform. ##
## --------- ##

hostname = pdf
uname -m = x86_64
uname -r = 4.10.0-35-generic
uname -s = Linux
uname -v = #39~16.04.1-Ubuntu SMP Wed Sep 13 09:02:42 UTC 2017

/usr/bin/uname -p = unknown
/bin/uname -X     = unknown

/bin/arch              = unknown
/usr/bin/arch -k       = unknown
/usr/convex/getsysinfo = unknown
/usr/bin/hostinfo      = unknown
/bin/machine           = unknown
/usr/bin/oslevel       = unknown
/bin/universe          = unknown

PATH: /usr/local/sbin
PATH: /usr/local/bin
PATH: /usr/sbin
PATH: /usr/bin
PATH: /sbin
PATH: /bin
PATH: /usr/games
PATH: /usr/local/games


## ----------- ##
## Core tests. ##
## ----------- ##

configure:2517: checking for a BSD-compatible install
configure:2585: result: /usr/bin/install -c
configure:2596: checking whether build environment is sane
configure:2651: result: yes
configure:2802: checking for a thread-safe mkdir -p
configure:2841: result: /bin/mkdir -p
configure:2848: checking for gawk
configure:2878: result: no
configure:2848: checking for mawk
configure:2864: found /usr/bin/mawk
configure:2875: result: mawk
configure:2886: checking whether make sets $(MAKE)
configure:2908: result: yes
configure:2937: checking whether make supports nested variables
configure:2954: result: yes
configure:3140: checking for g++
configure:3156: found /usr/bin/g++
configure:3167: result: g++
configure:3194: checking for C++ compiler version
configure:3203: g++ --version >&5
g++ (Ubuntu 5.4.0-6ubuntu1~16.04.4) 5.4.0 20160609
Copyright (C) 2015 Free Software Foundation, Inc.
This is free software; see the source for copying conditions.  There is NO
warranty; not even for MERCHANTABILITY or FITNESS FOR A PARTICULAR PURPOSE.

configure:3214: $? = 0
configure:3203: g++ -v >&5
Using built-in specs.
COLLECT_GCC=g++
COLLECT_LTO_WRAPPER=/usr/lib/gcc/x86_64-linux-gnu/5/lto-wrapper
Target: x86_64-linux-gnu
Configured with: ../src/configure -v --with-pkgversion='Ubuntu 5.4.0-6ubuntu1~16.04.4' --with-bugurl=file:///usr/share/doc/gcc-5/README.Bugs --enable-languages=c,ada,c++,java,go,d,fortran,objc,obj-c++ --prefix=/usr --program-suffix=-5 --enable-shared --enable-linker-build-id --libexecdir=/usr/lib --without-included-gettext --enable-threads=posix --libdir=/usr/lib --enable-nls --with-sysroot=/ --enable-clocale=gnu --enable-libstdcxx-debug --enable-libstdcxx-time=yes --with-default-libstdcxx-abi=new --enable-gnu-unique-object --disable-vtable-verify --enable-libmpx --enable-plugin --with-system-zlib --disable-browser-plugin --enable-java-awt=gtk --enable-gtk-cairo --with-java-home=/usr/lib/jvm/java-1.5.0-gcj-5-amd64/jre --enable-java-home --with-jvm-root-dir=/usr/lib/jvm/java-1.5.0-gcj-5-amd64 --with-jvm-jar-dir=/usr/lib/jvm-exports/java-1.5.0-gcj-5-amd64 --with-arch-directory=amd64 --with-ecj-jar=/usr/share/java/eclipse-ecj.jar --enable-objc-gc --enable-multiarch --disable-werror --with-arch-32=i686 --with-abi=m64 --with-multilib-list=m32,m64,mx32 --enable-multilib --with-tune=generic --enable-checking=release --build=x86_64-linux-gnu --host=x86_64-linux-gnu --target=x86_64-linux-gnu
Thread model: posix
gcc version 5.4.0 20160609 (Ubuntu 5.4.0-6ubuntu1~16.04.4) 
configure:3214: $? = 0
configure:3203: g++ -V >&5
g++: error: unrecognized command line option '-V'
g++: fatal error: no input files
compilation terminated.
configure:3214: $? = 1
configure:3203: g++ -qversion >&5
g++: error: unrecognized command line option '-qversion'
g++: fatal error: no input files
compilation terminated.
configure:3214: $? = 1
configure:3234: checking whether the C++ compiler works
configure:3256: g++    conftest.cpp  >&5
configure:3260: $? = 0
configure:3308: result: yes
configure:3311: checking for C++ compiler default output file name
configure:3313: result: a.out
configure:3319: checking for suffix of executables
configure:3326: g++ -o conftest    conftest.cpp  >&5
configure:3330: $? = 0
configure:3352: result: 
configure:3374: checking whether we are cross compiling
configure:3382: g++ -o conftest    conftest.cpp  >&5
configure:3386: $? = 0
configure:3393: ./conftest
configure:3397: $? = 0
configure:3412: result: no
configure:3417: checking for suffix of object files
configure:3439: g++ -c   conftest.cpp >&5
configure:3443: $? = 0
configure:3464: result: o
configure:3468: checking whether we are using the GNU C++ compiler
configure:3487: g++ -c   conftest.cpp >&5
configure:3487: $? = 0
configure:3496: result: yes
configure:3505: checking whether g++ accepts -g
configure:3525: g++ -c -g  conftest.cpp >&5
configure:3525: $? = 0
configure:3566: result: yes
configure:3600: checking for style of include used by make
configure:3628: result: GNU
configure:3654: checking dependency style of g++
configure:3765: result: gcc3
configure:3828: checking for gcc
configure:3844: found /usr/bin/gcc
configure:3855: result: gcc
configure:4084: checking for C compiler version
configure:4093: gcc --version >&5
gcc (Ubuntu 5.4.0-6ubuntu1~16.04.4) 5.4.0 20160609
Copyright (C) 2015 Free Software Foundation, Inc.
This is free software; see the source for copying conditions.  There is NO
warranty; not even for MERCHANTABILITY or FITNESS FOR A PARTICULAR PURPOSE.

configure:4104: $? = 0
configure:4093: gcc -v >&5
Using built-in specs.
COLLECT_GCC=gcc
COLLECT_LTO_WRAPPER=/usr/lib/gcc/x86_64-linux-gnu/5/lto-wrapper
Target: x86_64-linux-gnu
Configured with: ../src/configure -v --with-pkgversion='Ubuntu 5.4.0-6ubuntu1~16.04.4' --with-bugurl=file:///usr/share/doc/gcc-5/README.Bugs --enable-languages=c,ada,c++,java,go,d,fortran,objc,obj-c++ --prefix=/usr --program-suffix=-5 --enable-shared --enable-linker-build-id --libexecdir=/usr/lib --without-included-gettext --enable-threads=posix --libdir=/usr/lib --enable-nls --with-sysroot=/ --enable-clocale=gnu --enable-libstdcxx-debug --enable-libstdcxx-time=yes --with-default-libstdcxx-abi=new --enable-gnu-unique-object --disable-vtable-verify --enable-libmpx --enable-plugin --with-system-zlib --disable-browser-plugin --enable-java-awt=gtk --enable-gtk-cairo --with-java-home=/usr/lib/jvm/java-1.5.0-gcj-5-amd64/jre --enable-java-home --with-jvm-root-dir=/usr/lib/jvm/java-1.5.0-gcj-5-amd64 --with-jvm-jar-dir=/usr/lib/jvm-exports/java-1.5.0-gcj-5-amd64 --with-arch-directory=amd64 --with-ecj-jar=/usr/share/java/eclipse-ecj.jar --enable-objc-gc --enable-multiarch --disable-werror --with-arch-32=i686 --with-abi=m64 --with-multilib-list=m32,m64,mx32 --enable-multilib --with-tune=generic --enable-checking=release --build=x86_64-linux-gnu --host=x86_64-linux-gnu --target=x86_64-linux-gnu
Thread model: posix
gcc version 5.4.0 20160609 (Ubuntu 5.4.0-6ubuntu1~16.04.4) 
configure:4104: $? = 0
configure:4093: gcc -V >&5
gcc: error: unrecognized command line option '-V'
gcc: fatal error: no input files
compilation terminated.
configure:4104: $? = 1
configure:4093: gcc -qversion >&5
gcc: error: unrecognized command line option '-qversion'
gcc: fatal error: no input files
compilation terminated.
configure:4104: $? = 1
configure:4108: checking whether we are using the GNU C compiler
configure:4127: gcc -c   conftest.c >&5
configure:4127: $? = 0
configure:4136: result: yes
configure:4145: checking whether gcc accepts -g
configure:4165: gcc -c -g  conftest.c >&5
configure:4165: $? = 0
configure:4206: result: yes
configure:4223: checking for gcc option to accept ISO C89
configure:4286: gcc  -c -g -O2  conftest.c >&5
configure:4286: $? = 0
configure:4299: result: none needed
configure:4324: checking whether gcc understands -c and -o together
configure:4346: gcc -c conftest.c -o conftest2.o
configure:4349: $? = 0
configure:4346: gcc -c conftest.c -o conftest2.o
configure:4349: $? = 0
configure:4361: result: yes
configure:4380: checking dependency style of gcc
configure:4491: result: gcc3
configure:4511: checking how to run the C preprocessor
configure:4542: gcc -E  conftest.c
configure:4542: $? = 0
configure:4556: gcc -E  conftest.c
conftest.c:11:28: fatal error: ac_nonexistent.h: No such file or directory
compilation terminated.
configure:4556: $? = 1
configure: failed program was:
| /* confdefs.h */
| #define PACKAGE_NAME "FULL-PACKAGE-NAME"
| #define PACKAGE_TARNAME "full-package-name"
| #define PACKAGE_VERSION "VERSION"
| #define PACKAGE_STRING "FULL-PACKAGE-NAME VERSION"
| #define PACKAGE_BUGREPORT "BUG-REPORT-ADDRESS"
| #define PACKAGE_URL ""
| #define PACKAGE "full-package-name"
| #define VERSION "VERSION"
| /* end confdefs.h.  */
| #include <ac_nonexistent.h>
configure:4581: result: gcc -E
configure:4601: gcc -E  conftest.c
configure:4601: $? = 0
configure:4615: gcc -E  conftest.c
conftest.c:11:28: fatal error: ac_nonexistent.h: No such file or directory
compilation terminated.
configure:4615: $? = 1
configure: failed program was:
| /* confdefs.h */
| #define PACKAGE_NAME "FULL-PACKAGE-NAME"
| #define PACKAGE_TARNAME "full-package-name"
| #define PACKAGE_VERSION "VERSION"
| #define PACKAGE_STRING "FULL-PACKAGE-NAME VERSION"
| #define PACKAGE_BUGREPORT "BUG-REPORT-ADDRESS"
| #define PACKAGE_URL ""
| #define PACKAGE "full-package-name"
| #define VERSION "VERSION"
| /* end confdefs.h.  */
| #include <ac_nonexistent.h>
configure:4644: checking whether ln -s works
configure:4648: result: yes
configure:4655: checking whether make sets $(MAKE)
configure:4677: result: yes
configure:4729: checking for ranlib
configure:4745: found /usr/bin/ranlib
configure:4756: result: ranlib
configure:4807: checking build system type
configure:4821: result: x86_64-pc-linux-gnu
configure:4841: checking host system type
configure:4854: result: x86_64-pc-linux-gnu
configure:4895: checking how to print strings
configure:4922: result: printf
configure:4943: checking for a sed that does not truncate output
configure:5007: result: /bin/sed
configure:5025: checking for grep that handles long lines and -e
configure:5083: result: /bin/grep
configure:5088: checking for egrep
configure:5150: result: /bin/grep -E
configure:5155: checking for fgrep
configure:5217: result: /bin/grep -F
configure:5252: checking for ld used by gcc
configure:5319: result: /usr/bin/ld
configure:5326: checking if the linker (/usr/bin/ld) is GNU ld
configure:5341: result: yes
configure:5353: checking for BSD- or MS-compatible name lister (nm)
configure:5407: result: /usr/bin/nm -B
configure:5537: checking the name lister (/usr/bin/nm -B) interface
configure:5544: gcc -c -g -O2  conftest.c >&5
configure:5547: /usr/bin/nm -B "conftest.o"
configure:5550: output
0000000000000000 B some_variable
configure:5557: result: BSD nm
configure:5561: checking the maximum length of command line arguments
configure:5692: result: 1572864
configure:5740: checking how to convert x86_64-pc-linux-gnu file names to x86_64-pc-linux-gnu format
configure:5780: result: func_convert_file_noop
configure:5787: checking how to convert x86_64-pc-linux-gnu file names to toolchain format
configure:5807: result: func_convert_file_noop
configure:5814: checking for /usr/bin/ld option to reload object files
configure:5821: result: -r
configure:5895: checking for objdump
configure:5911: found /usr/bin/objdump
configure:5922: result: objdump
configure:5954: checking how to recognize dependent libraries
configure:6154: result: pass_all
configure:6239: checking for dlltool
configure:6269: result: no
configure:6299: checking how to associate runtime and link libraries
configure:6326: result: printf %s\n
configure:6387: checking for ar
configure:6403: found /usr/bin/ar
configure:6414: result: ar
configure:6451: checking for archiver @FILE support
configure:6468: gcc -c -g -O2  conftest.c >&5
configure:6468: $? = 0
configure:6471: ar cru libconftest.a @conftest.lst >&5
ar: `u' modifier ignored since `D' is the default (see `U')
configure:6474: $? = 0
configure:6479: ar cru libconftest.a @conftest.lst >&5
ar: `u' modifier ignored since `D' is the default (see `U')
ar: conftest.o: No such file or directory
configure:6482: $? = 1
configure:6494: result: @
configure:6552: checking for strip
configure:6568: found /usr/bin/strip
configure:6579: result: strip
configure:6651: checking for ranlib
configure:6678: result: ranlib
configure:6780: checking command to parse /usr/bin/nm -B output from gcc object
configure:6933: gcc -c -g -O2  conftest.c >&5
configure:6936: $? = 0
configure:6940: /usr/bin/nm -B conftest.o \| sed -n -e 's/^.*[ ]\([ABCDGIRSTW][ABCDGIRSTW]*\)[ ][ ]*\([_A-Za-z][_A-Za-z0-9]*\)$/\1 \2 \2/p' | sed '/ __gnu_lto/d' \> conftest.nm
configure:6943: $? = 0
configure:7009: gcc -o conftest -g -O2   conftest.c conftstm.o >&5
configure:7012: $? = 0
configure:7050: result: ok
configure:7097: checking for sysroot
configure:7127: result: no
configure:7134: checking for a working dd
configure:7172: result: /bin/dd
configure:7176: checking how to truncate binary pipes
configure:7191: result: /bin/dd bs=4096 count=1
configure:7327: gcc -c -g -O2  conftest.c >&5
configure:7330: $? = 0
configure:7520: checking for mt
configure:7536: found /bin/mt
configure:7547: result: mt
configure:7570: checking if mt is a manifest tool
configure:7576: mt '-?'
configure:7584: result: no
configure:8257: checking for ANSI C header files
configure:8277: gcc -c -g -O2  conftest.c >&5
configure:8277: $? = 0
configure:8350: gcc -o conftest -g -O2   conftest.c  >&5
configure:8350: $? = 0
configure:8350: ./conftest
configure:8350: $? = 0
configure:8361: result: yes
configure:8374: checking for sys/types.h
configure:8374: gcc -c -g -O2  conftest.c >&5
configure:8374: $? = 0
configure:8374: result: yes
configure:8374: checking for sys/stat.h
configure:8374: gcc -c -g -O2  conftest.c >&5
configure:8374: $? = 0
configure:8374: result: yes
configure:8374: checking for stdlib.h
configure:8374: gcc -c -g -O2  conftest.c >&5
configure:8374: $? = 0
configure:8374: result: yes
configure:8374: checking for string.h
configure:8374: gcc -c -g -O2  conftest.c >&5
configure:8374: $? = 0
configure:8374: result: yes
configure:8374: checking for memory.h
configure:8374: gcc -c -g -O2  conftest.c >&5
configure:8374: $? = 0
configure:8374: result: yes
configure:8374: checking for strings.h
configure:8374: gcc -c -g -O2  conftest.c >&5
configure:8374: $? = 0
configure:8374: result: yes
configure:8374: checking for inttypes.h
configure:8374: gcc -c -g -O2  conftest.c >&5
configure:8374: $? = 0
configure:8374: result: yes
configure:8374: checking for stdint.h
configure:8374: gcc -c -g -O2  conftest.c >&5
configure:8374: $? = 0
configure:8374: result: yes
configure:8374: checking for unistd.h
configure:8374: gcc -c -g -O2  conftest.c >&5
configure:8374: $? = 0
configure:8374: result: yes
configure:8388: checking for dlfcn.h
configure:8388: gcc -c -g -O2  conftest.c >&5
configure:8388: $? = 0
configure:8388: result: yes
configure:8655: checking for objdir
configure:8670: result: .libs
configure:8930: checking if gcc supports -fno-rtti -fno-exceptions
configure:8948: gcc -c -g -O2  -fno-rtti -fno-exceptions conftest.c >&5
cc1: warning: command line option '-fno-rtti' is valid for C++/ObjC++ but not for C
configure:8952: $? = 0
configure:8965: result: no
configure:9323: checking for gcc option to produce PIC
configure:9330: result: -fPIC -DPIC
configure:9338: checking if gcc PIC flag -fPIC -DPIC works
configure:9356: gcc -c -g -O2  -fPIC -DPIC -DPIC conftest.c >&5
configure:9360: $? = 0
configure:9373: result: yes
configure:9402: checking if gcc static flag -static works
configure:9430: result: yes
configure:9445: checking if gcc supports -c -o file.o
configure:9466: gcc -c -g -O2  -o out/conftest2.o conftest.c >&5
configure:9470: $? = 0
configure:9492: result: yes
configure:9500: checking if gcc supports -c -o file.o
configure:9547: result: yes
configure:9580: checking whether the gcc linker (/usr/bin/ld -m elf_x86_64) supports shared libraries
configure:10843: result: yes
configure:10880: checking whether -lc should be explicitly linked in
configure:10888: gcc -c -g -O2  conftest.c >&5
configure:10891: $? = 0
configure:10906: gcc -shared  -fPIC -DPIC conftest.o  -v -Wl,-soname -Wl,conftest -o conftest 2\>\&1 \| /bin/grep  -lc  \>/dev/null 2\>\&1
configure:10909: $? = 0
configure:10923: result: no
configure:11083: checking dynamic linker characteristics
configure:11664: gcc -o conftest -g -O2   -Wl,-rpath -Wl,/foo conftest.c  >&5
configure:11664: $? = 0
configure:11913: result: GNU/Linux ld.so
configure:12035: checking how to hardcode library paths into programs
configure:12060: result: immediate
configure:12608: checking whether stripping libraries is possible
configure:12613: result: yes
configure:12648: checking if libtool supports shared libraries
configure:12650: result: yes
configure:12653: checking whether to build shared libraries
configure:12678: result: yes
configure:12681: checking whether to build static libraries
configure:12685: result: yes
configure:12708: checking how to run the C++ preprocessor
configure:12735: g++ -E  conftest.cpp
configure:12735: $? = 0
configure:12749: g++ -E  conftest.cpp
conftest.cpp:23:28: fatal error: ac_nonexistent.h: No such file or directory
compilation terminated.
configure:12749: $? = 1
configure: failed program was:
| /* confdefs.h */
| #define PACKAGE_NAME "FULL-PACKAGE-NAME"
| #define PACKAGE_TARNAME "full-package-name"
| #define PACKAGE_VERSION "VERSION"
| #define PACKAGE_STRING "FULL-PACKAGE-NAME VERSION"
| #define PACKAGE_BUGREPORT "BUG-REPORT-ADDRESS"
| #define PACKAGE_URL ""
| #define PACKAGE "full-package-name"
| #define VERSION "VERSION"
| #define STDC_HEADERS 1
| #define HAVE_SYS_TYPES_H 1
| #define HAVE_SYS_STAT_H 1
| #define HAVE_STDLIB_H 1
| #define HAVE_STRING_H 1
| #define HAVE_MEMORY_H 1
| #define HAVE_STRINGS_H 1
| #define HAVE_INTTYPES_H 1
| #define HAVE_STDINT_H 1
| #define HAVE_UNISTD_H 1
| #define HAVE_DLFCN_H 1
| #define LT_OBJDIR ".libs/"
| /* end confdefs.h.  */
| #include <ac_nonexistent.h>
configure:12774: result: g++ -E
configure:12794: g++ -E  conftest.cpp
configure:12794: $? = 0
configure:12808: g++ -E  conftest.cpp
conftest.cpp:23:28: fatal error: ac_nonexistent.h: No such file or directory
compilation terminated.
configure:12808: $? = 1
configure: failed program was:
| /* confdefs.h */
| #define PACKAGE_NAME "FULL-PACKAGE-NAME"
| #define PACKAGE_TARNAME "full-package-name"
| #define PACKAGE_VERSION "VERSION"
| #define PACKAGE_STRING "FULL-PACKAGE-NAME VERSION"
| #define PACKAGE_BUGREPORT "BUG-REPORT-ADDRESS"
| #define PACKAGE_URL ""
| #define PACKAGE "full-package-name"
| #define VERSION "VERSION"
| #define STDC_HEADERS 1
| #define HAVE_SYS_TYPES_H 1
| #define HAVE_SYS_STAT_H 1
| #define HAVE_STDLIB_H 1
| #define HAVE_STRING_H 1
| #define HAVE_MEMORY_H 1
| #define HAVE_STRINGS_H 1
| #define HAVE_INTTYPES_H 1
| #define HAVE_STDINT_H 1
| #define HAVE_UNISTD_H 1
| #define HAVE_DLFCN_H 1
| #define LT_OBJDIR ".libs/"
| /* end confdefs.h.  */
| #include <ac_nonexistent.h>
configure:12970: checking for ld used by g++
configure:13037: result: /usr/bin/ld -m elf_x86_64
configure:13044: checking if the linker (/usr/bin/ld -m elf_x86_64) is GNU ld
configure:13059: result: yes
configure:13114: checking whether the g++ linker (/usr/bin/ld -m elf_x86_64) supports shared libraries
configure:14187: result: yes
configure:14223: g++ -c -g -O2  conftest.cpp >&5
configure:14226: $? = 0
configure:14707: checking for g++ option to produce PIC
configure:14714: result: -fPIC -DPIC
configure:14722: checking if g++ PIC flag -fPIC -DPIC works
configure:14740: g++ -c -g -O2  -fPIC -DPIC -DPIC conftest.cpp >&5
configure:14744: $? = 0
configure:14757: result: yes
configure:14780: checking if g++ static flag -static works
configure:14808: result: yes
configure:14820: checking if g++ supports -c -o file.o
configure:14841: g++ -c -g -O2  -o out/conftest2.o conftest.cpp >&5
configure:14845: $? = 0
configure:14867: result: yes
configure:14872: checking if g++ supports -c -o file.o
configure:14919: result: yes
configure:14949: checking whether the g++ linker (/usr/bin/ld -m elf_x86_64) supports shared libraries
configure:14992: result: yes
configure:15133: checking dynamic linker characteristics
configure:15890: result: GNU/Linux ld.so
configure:15955: checking how to hardcode library paths into programs
configure:15980: result: immediate
configure:16048: checking for stdint.h
configure:16048: result: yes
configure:16048: checking for stdlib.h
configure:16048: result: yes
configure:16048: checking for string.h
configure:16048: result: yes
configure:16048: checking sys/socket.h usability
configure:16048: gcc -c -g -O2  conftest.c >&5
configure:16048: $? = 0
configure:16048: result: yes
configure:16048: checking sys/socket.h presence
configure:16048: gcc -E  conftest.c
configure:16048: $? = 0
configure:16048: result: yes
configure:16048: checking for sys/socket.h
configure:16048: result: yes
configure:16048: checking syslog.h usability
configure:16048: gcc -c -g -O2  conftest.c >&5
configure:16048: $? = 0
configure:16048: result: yes
configure:16048: checking syslog.h presence
configure:16048: gcc -E  conftest.c
configure:16048: $? = 0
configure:16048: result: yes
configure:16048: checking for syslog.h
configure:16048: result: yes
configure:16048: checking for unistd.h
configure:16048: result: yes
configure:16060: checking for size_t
configure:16060: gcc -c -g -O2  conftest.c >&5
configure:16060: $? = 0
configure:16060: gcc -c -g -O2  conftest.c >&5
conftest.c: In function 'main':
conftest.c:65:21: error: expected expression before ')' token
 if (sizeof ((size_t)))
                     ^
configure:16060: $? = 1
configure: failed program was:
| /* confdefs.h */
| #define PACKAGE_NAME "FULL-PACKAGE-NAME"
| #define PACKAGE_TARNAME "full-package-name"
| #define PACKAGE_VERSION "VERSION"
| #define PACKAGE_STRING "FULL-PACKAGE-NAME VERSION"
| #define PACKAGE_BUGREPORT "BUG-REPORT-ADDRESS"
| #define PACKAGE_URL ""
| #define PACKAGE "full-package-name"
| #define VERSION "VERSION"
| #define STDC_HEADERS 1
| #define HAVE_SYS_TYPES_H 1
| #define HAVE_SYS_STAT_H 1
| #define HAVE_STDLIB_H 1
| #define HAVE_STRING_H 1
| #define HAVE_MEMORY_H 1
| #define HAVE_STRINGS_H 1
| #define HAVE_INTTYPES_H 1
| #define HAVE_STDINT_H 1
| #define HAVE_UNISTD_H 1
| #define HAVE_DLFCN_H 1
| #define LT_OBJDIR ".libs/"
| #define HAVE_STDINT_H 1
| #define HAVE_STDLIB_H 1
| #define HAVE_STRING_H 1
| #define HAVE_SYS_SOCKET_H 1
| #define HAVE_SYSLOG_H 1
| #define HAVE_UNISTD_H 1
| /* end confdefs.h.  */
| #include <stdio.h>
| #ifdef HAVE_SYS_TYPES_H
| # include <sys/types.h>
| #endif
| #ifdef HAVE_SYS_STAT_H
| # include <sys/stat.h>
| #endif
| #ifdef STDC_HEADERS
| # include <stdlib.h>
| # include <stddef.h>
| #else
| # ifdef HAVE_STDLIB_H
| #  include <stdlib.h>
| # endif
| #endif
| #ifdef HAVE_STRING_H
| # if !defined STDC_HEADERS && defined HAVE_MEMORY_H
| #  include <memory.h>
| # endif
| # include <string.h>
| #endif
| #ifdef HAVE_STRINGS_H
| # include <strings.h>
| #endif
| #ifdef HAVE_INTTYPES_H
| # include <inttypes.h>
| #endif
| #ifdef HAVE_STDINT_H
| # include <stdint.h>
| #endif
| #ifdef HAVE_UNISTD_H
| # include <unistd.h>
| #endif
| int
| main ()
| {
| if (sizeof ((size_t)))
| 	    return 0;
|   ;
|   return 0;
| }
configure:16060: result: yes
configure:16071: checking for uint16_t
configure:16071: gcc -c -g -O2  conftest.c >&5
configure:16071: $? = 0
configure:16071: result: yes
configure:16083: checking for uint32_t
configure:16083: gcc -c -g -O2  conftest.c >&5
configure:16083: $? = 0
configure:16083: result: yes
configure:16097: checking for uint8_t
configure:16097: gcc -c -g -O2  conftest.c >&5
configure:16097: $? = 0
configure:16097: result: yes
configure:16113: checking for pid_t
configure:16113: gcc -c -g -O2  conftest.c >&5
configure:16113: $? = 0
configure:16113: gcc -c -g -O2  conftest.c >&5
conftest.c: In function 'main':
conftest.c:65:20: error: expected expression before ')' token
 if (sizeof ((pid_t)))
                    ^
configure:16113: $? = 1
configure: failed program was:
| /* confdefs.h */
| #define PACKAGE_NAME "FULL-PACKAGE-NAME"
| #define PACKAGE_TARNAME "full-package-name"
| #define PACKAGE_VERSION "VERSION"
| #define PACKAGE_STRING "FULL-PACKAGE-NAME VERSION"
| #define PACKAGE_BUGREPORT "BUG-REPORT-ADDRESS"
| #define PACKAGE_URL ""
| #define PACKAGE "full-package-name"
| #define VERSION "VERSION"
| #define STDC_HEADERS 1
| #define HAVE_SYS_TYPES_H 1
| #define HAVE_SYS_STAT_H 1
| #define HAVE_STDLIB_H 1
| #define HAVE_STRING_H 1
| #define HAVE_MEMORY_H 1
| #define HAVE_STRINGS_H 1
| #define HAVE_INTTYPES_H 1
| #define HAVE_STDINT_H 1
| #define HAVE_UNISTD_H 1
| #define HAVE_DLFCN_H 1
| #define LT_OBJDIR ".libs/"
| #define HAVE_STDINT_H 1
| #define HAVE_STDLIB_H 1
| #define HAVE_STRING_H 1
| #define HAVE_SYS_SOCKET_H 1
| #define HAVE_SYSLOG_H 1
| #define HAVE_UNISTD_H 1
| /* end confdefs.h.  */
| #include <stdio.h>
| #ifdef HAVE_SYS_TYPES_H
| # include <sys/types.h>
| #endif
| #ifdef HAVE_SYS_STAT_H
| # include <sys/stat.h>
| #endif
| #ifdef STDC_HEADERS
| # include <stdlib.h>
| # include <stddef.h>
| #else
| # ifdef HAVE_STDLIB_H
| #  include <stdlib.h>
| # endif
| #endif
| #ifdef HAVE_STRING_H
| # if !defined STDC_HEADERS && defined HAVE_MEMORY_H
| #  include <memory.h>
| # endif
| # include <string.h>
| #endif
| #ifdef HAVE_STRINGS_H
| # include <strings.h>
| #endif
| #ifdef HAVE_INTTYPES_H
| # include <inttypes.h>
| #endif
| #ifdef HAVE_STDINT_H
| # include <stdint.h>
| #endif
| #ifdef HAVE_UNISTD_H
| # include <unistd.h>
| #endif
| int
| main ()
| {
| if (sizeof ((pid_t)))
| 	    return 0;
|   ;
|   return 0;
| }
configure:16113: result: yes
configure:16126: checking vfork.h usability
configure:16126: gcc -c -g -O2  conftest.c >&5
conftest.c:62:19: fatal error: vfork.h: No such file or directory
compilation terminated.
configure:16126: $? = 1
configure: failed program was:
| /* confdefs.h */
| #define PACKAGE_NAME "FULL-PACKAGE-NAME"
| #define PACKAGE_TARNAME "full-package-name"
| #define PACKAGE_VERSION "VERSION"
| #define PACKAGE_STRING "FULL-PACKAGE-NAME VERSION"
| #define PACKAGE_BUGREPORT "BUG-REPORT-ADDRESS"
| #define PACKAGE_URL ""
| #define PACKAGE "full-package-name"
| #define VERSION "VERSION"
| #define STDC_HEADERS 1
| #define HAVE_SYS_TYPES_H 1
| #define HAVE_SYS_STAT_H 1
| #define HAVE_STDLIB_H 1
| #define HAVE_STRING_H 1
| #define HAVE_MEMORY_H 1
| #define HAVE_STRINGS_H 1
| #define HAVE_INTTYPES_H 1
| #define HAVE_STDINT_H 1
| #define HAVE_UNISTD_H 1
| #define HAVE_DLFCN_H 1
| #define LT_OBJDIR ".libs/"
| #define HAVE_STDINT_H 1
| #define HAVE_STDLIB_H 1
| #define HAVE_STRING_H 1
| #define HAVE_SYS_SOCKET_H 1
| #define HAVE_SYSLOG_H 1
| #define HAVE_UNISTD_H 1
| /* end confdefs.h.  */
| #include <stdio.h>
| #ifdef HAVE_SYS_TYPES_H
| # include <sys/types.h>
| #endif
| #ifdef HAVE_SYS_STAT_H
| # include <sys/stat.h>
| #endif
| #ifdef STDC_HEADERS
| # include <stdlib.h>
| # include <stddef.h>
| #else
| # ifdef HAVE_STDLIB_H
| #  include <stdlib.h>
| # endif
| #endif
| #ifdef HAVE_STRING_H
| # if !defined STDC_HEADERS && defined HAVE_MEMORY_H
| #  include <memory.h>
| # endif
| # include <string.h>
| #endif
| #ifdef HAVE_STRINGS_H
| # include <strings.h>
| #endif
| #ifdef HAVE_INTTYPES_H
| # include <inttypes.h>
| #endif
| #ifdef HAVE_STDINT_H
| # include <stdint.h>
| #endif
| #ifdef HAVE_UNISTD_H
| # include <unistd.h>
| #endif
| #include <vfork.h>
configure:16126: result: no
configure:16126: checking vfork.h presence
configure:16126: gcc -E  conftest.c
conftest.c:29:19: fatal error: vfork.h: No such file or directory
compilation terminated.
configure:16126: $? = 1
configure: failed program was:
| /* confdefs.h */
| #define PACKAGE_NAME "FULL-PACKAGE-NAME"
| #define PACKAGE_TARNAME "full-package-name"
| #define PACKAGE_VERSION "VERSION"
| #define PACKAGE_STRING "FULL-PACKAGE-NAME VERSION"
| #define PACKAGE_BUGREPORT "BUG-REPORT-ADDRESS"
| #define PACKAGE_URL ""
| #define PACKAGE "full-package-name"
| #define VERSION "VERSION"
| #define STDC_HEADERS 1
| #define HAVE_SYS_TYPES_H 1
| #define HAVE_SYS_STAT_H 1
| #define HAVE_STDLIB_H 1
| #define HAVE_STRING_H 1
| #define HAVE_MEMORY_H 1
| #define HAVE_STRINGS_H 1
| #define HAVE_INTTYPES_H 1
| #define HAVE_STDINT_H 1
| #define HAVE_UNISTD_H 1
| #define HAVE_DLFCN_H 1
| #define LT_OBJDIR ".libs/"
| #define HAVE_STDINT_H 1
| #define HAVE_STDLIB_H 1
| #define HAVE_STRING_H 1
| #define HAVE_SYS_SOCKET_H 1
| #define HAVE_SYSLOG_H 1
| #define HAVE_UNISTD_H 1
| /* end confdefs.h.  */
| #include <vfork.h>
configure:16126: result: no
configure:16126: checking for vfork.h
configure:16126: result: no
configure:16139: checking for fork
configure:16139: gcc -o conftest -g -O2   conftest.c  >&5
conftest.c:52:6: warning: conflicting types for built-in function 'fork'
 char fork ();
      ^
configure:16139: $? = 0
configure:16139: result: yes
configure:16139: checking for vfork
configure:16139: gcc -o conftest -g -O2   conftest.c  >&5
configure:16139: $? = 0
configure:16139: result: yes
configure:16149: checking for working fork
configure:16171: gcc -o conftest -g -O2   conftest.c  >&5
configure:16171: $? = 0
configure:16171: ./conftest
configure:16171: $? = 0
configure:16181: result: yes
configure:16202: checking for working vfork
configure:16312: result: yes
configure:16339: checking for stdlib.h
configure:16339: result: yes
configure:16349: checking for GNU libc compatible malloc
configure:16373: gcc -o conftest -g -O2   conftest.c  >&5
configure:16373: $? = 0
configure:16373: ./conftest
configure:16373: $? = 0
configure:16383: result: yes
configure:16406: checking for stdlib.h
configure:16406: result: yes
configure:16416: checking for GNU libc compatible realloc
configure:16440: gcc -o conftest -g -O2   conftest.c  >&5
configure:16440: $? = 0
configure:16440: ./conftest
configure:16440: $? = 0
configure:16450: result: yes
configure:16474: checking for memmove
configure:16474: gcc -o conftest -g -O2   conftest.c  >&5
conftest.c:60:6: warning: conflicting types for built-in function 'memmove'
 char memmove ();
      ^
configure:16474: $? = 0
configure:16474: result: yes
configure:16474: checking for memset
configure:16474: gcc -o conftest -g -O2   conftest.c  >&5
conftest.c:61:6: warning: conflicting types for built-in function 'memset'
 char memset ();
      ^
configure:16474: $? = 0
configure:16474: result: yes
configure:16474: checking for socket
configure:16474: gcc -o conftest -g -O2   conftest.c  >&5
configure:16474: $? = 0
configure:16474: result: yes
configure:16474: checking for strdup
configure:16474: gcc -o conftest -g -O2   conftest.c  >&5
conftest.c:63:6: warning: conflicting types for built-in function 'strdup'
 char strdup ();
      ^
configure:16474: $? = 0
configure:16474: result: yes
configure:16595: checking that generated files are newer than configure
configure:16601: result: done
configure:16628: creating ./config.status

## ---------------------- ##
## Running config.status. ##
## ---------------------- ##

This file was extended by FULL-PACKAGE-NAME config.status VERSION, which was
generated by GNU Autoconf 2.69.  Invocation command line was

  CONFIG_FILES    = 
  CONFIG_HEADERS  = 
  CONFIG_LINKS    = 
  CONFIG_COMMANDS = 
  $ ./config.status 

on pdf

config.status:1165: creating Makefile
config.status:1165: creating config.h
config.status:1346: config.h is unchanged
config.status:1394: executing depfiles commands
config.status:1394: executing libtool commands

## ---------------- ##
## Cache variables. ##
## ---------------- ##

ac_cv_build=x86_64-pc-linux-gnu
ac_cv_c_compiler_gnu=yes
ac_cv_c_uint16_t=yes
ac_cv_c_uint32_t=yes
ac_cv_c_uint8_t=yes
ac_cv_cxx_compiler_gnu=yes
ac_cv_env_CCC_set=
ac_cv_env_CCC_value=
ac_cv_env_CC_set=
ac_cv_env_CC_value=
ac_cv_env_CFLAGS_set=
ac_cv_env_CFLAGS_value=
ac_cv_env_CPPFLAGS_set=
ac_cv_env_CPPFLAGS_value=
ac_cv_env_CPP_set=
ac_cv_env_CPP_value=
ac_cv_env_CXXCPP_set=
ac_cv_env_CXXCPP_value=
ac_cv_env_CXXFLAGS_set=
ac_cv_env_CXXFLAGS_value=
ac_cv_env_CXX_set=
ac_cv_env_CXX_value=
ac_cv_env_LDFLAGS_set=
ac_cv_env_LDFLAGS_value=
ac_cv_env_LIBS_set=
ac_cv_env_LIBS_value=
ac_cv_env_LT_SYS_LIBRARY_PATH_set=
ac_cv_env_LT_SYS_LIBRARY_PATH_value=
ac_cv_env_build_alias_set=
ac_cv_env_build_alias_value=
ac_cv_env_host_alias_set=
ac_cv_env_host_alias_value=
ac_cv_env_target_alias_set=
ac_cv_env_target_alias_value=
ac_cv_func_fork=yes
ac_cv_func_fork_works=yes
ac_cv_func_malloc_0_nonnull=yes
ac_cv_func_memmove=yes
ac_cv_func_memset=yes
ac_cv_func_realloc_0_nonnull=yes
ac_cv_func_socket=yes
ac_cv_func_strdup=yes
ac_cv_func_vfork=yes
ac_cv_func_vfork_works=yes
ac_cv_header_dlfcn_h=yes
ac_cv_header_inttypes_h=yes
ac_cv_header_memory_h=yes
ac_cv_header_stdc=yes
ac_cv_header_stdint_h=yes
ac_cv_header_stdlib_h=yes
ac_cv_header_string_h=yes
ac_cv_header_strings_h=yes
ac_cv_header_sys_socket_h=yes
ac_cv_header_sys_stat_h=yes
ac_cv_header_sys_types_h=yes
ac_cv_header_syslog_h=yes
ac_cv_header_unistd_h=yes
ac_cv_header_vfork_h=no
ac_cv_host=x86_64-pc-linux-gnu
ac_cv_objext=o
ac_cv_path_EGREP='/bin/grep -E'
ac_cv_path_FGREP='/bin/grep -F'
ac_cv_path_GREP=/bin/grep
ac_cv_path_SED=/bin/sed
ac_cv_path_install='/usr/bin/install -c'
ac_cv_path_lt_DD=/bin/dd
ac_cv_path_mkdir=/bin/mkdir
ac_cv_prog_AWK=mawk
ac_cv_prog_CPP='gcc -E'
ac_cv_prog_CXXCPP='g++ -E'
ac_cv_prog_ac_ct_AR=ar
ac_cv_prog_ac_ct_CC=gcc
ac_cv_prog_ac_ct_CXX=g++
ac_cv_prog_ac_ct_MANIFEST_TOOL=mt
ac_cv_prog_ac_ct_OBJDUMP=objdump
ac_cv_prog_ac_ct_RANLIB=ranlib
ac_cv_prog_ac_ct_STRIP=strip
ac_cv_prog_cc_c89=
ac_cv_prog_cc_g=yes
ac_cv_prog_cxx_g=yes
ac_cv_prog_make_make_set=yes
ac_cv_type_pid_t=yes
ac_cv_type_size_t=yes
am_cv_CC_dependencies_compiler_type=gcc3
am_cv_CXX_dependencies_compiler_type=gcc3
am_cv_make_support_nested_variables=yes
am_cv_prog_cc_c_o=yes
lt_cv_ar_at_file=@
lt_cv_archive_cmds_need_lc=no
lt_cv_deplibs_check_method=pass_all
lt_cv_file_magic_cmd='$MAGIC_CMD'
lt_cv_file_magic_test_file=
lt_cv_ld_reload_flag=-r
lt_cv_nm_interface='BSD nm'
lt_cv_objdir=.libs
lt_cv_path_LD=/usr/bin/ld
lt_cv_path_LDCXX='/usr/bin/ld -m elf_x86_64'
lt_cv_path_NM='/usr/bin/nm -B'
lt_cv_path_mainfest_tool=no
lt_cv_prog_compiler_c_o=yes
lt_cv_prog_compiler_c_o_CXX=yes
lt_cv_prog_compiler_pic='-fPIC -DPIC'
lt_cv_prog_compiler_pic_CXX='-fPIC -DPIC'
lt_cv_prog_compiler_pic_works=yes
lt_cv_prog_compiler_pic_works_CXX=yes
lt_cv_prog_compiler_rtti_exceptions=no
lt_cv_prog_compiler_static_works=yes
lt_cv_prog_compiler_static_works_CXX=yes
lt_cv_prog_gnu_ld=yes
lt_cv_prog_gnu_ldcxx=yes
lt_cv_sharedlib_from_linklib_cmd='printf %s\n'
lt_cv_shlibpath_overrides_runpath=no
lt_cv_sys_global_symbol_pipe='sed -n -e '\''s/^.*[	 ]\([ABCDGIRSTW][ABCDGIRSTW]*\)[	 ][	 ]*\([_A-Za-z][_A-Za-z0-9]*\)$/\1 \2 \2/p'\'' | sed '\''/ __gnu_lto/d'\'''
lt_cv_sys_global_symbol_to_c_name_address='sed -n -e '\''s/^: \(.*\) .*$/  {"\1", (void *) 0},/p'\'' -e '\''s/^[ABCDGIRSTW][ABCDGIRSTW]* .* \(.*\)$/  {"\1", (void *) \&\1},/p'\'''
lt_cv_sys_global_symbol_to_c_name_address_lib_prefix='sed -n -e '\''s/^: \(.*\) .*$/  {"\1", (void *) 0},/p'\'' -e '\''s/^[ABCDGIRSTW][ABCDGIRSTW]* .* \(lib.*\)$/  {"\1", (void *) \&\1},/p'\'' -e '\''s/^[ABCDGIRSTW][ABCDGIRSTW]* .* \(.*\)$/  {"lib\1", (void *) \&\1},/p'\'''
lt_cv_sys_global_symbol_to_cdecl='sed -n -e '\''s/^T .* \(.*\)$/extern int \1();/p'\'' -e '\''s/^[ABCDGIRSTW][ABCDGIRSTW]* .* \(.*\)$/extern char \1;/p'\'''
lt_cv_sys_global_symbol_to_import=
lt_cv_sys_max_cmd_len=1572864
lt_cv_to_host_file_cmd=func_convert_file_noop
lt_cv_to_tool_file_cmd=func_convert_file_noop
lt_cv_truncate_bin='/bin/dd bs=4096 count=1'

## ----------------- ##
## Output variables. ##
## ----------------- ##

ACLOCAL='${SHELL} /home/panda/missing aclocal-1.15'
AMDEPBACKSLASH='\'
AMDEP_FALSE='#'
AMDEP_TRUE=''
AMTAR='$${TAR-tar}'
AM_BACKSLASH='\'
AM_DEFAULT_V='$(AM_DEFAULT_VERBOSITY)'
AM_DEFAULT_VERBOSITY='1'
AM_V='$(V)'
AR='ar'
AUTOCONF='${SHELL} /home/panda/missing autoconf'
AUTOHEADER='${SHELL} /home/panda/missing autoheader'
AUTOMAKE='${SHELL} /home/panda/missing automake-1.15'
AWK='mawk'
CC='gcc'
CCDEPMODE='depmode=gcc3'
CFLAGS='-g -O2'
CPP='gcc -E'
CPPFLAGS=''
CXX='g++'
CXXCPP='g++ -E'
CXXDEPMODE='depmode=gcc3'
CXXFLAGS='-g -O2'
CYGPATH_W='echo'
DEFS='-DHAVE_CONFIG_H'
DEPDIR='.deps'
DLLTOOL='false'
DSYMUTIL=''
DUMPBIN=''
ECHO_C=''
ECHO_N='-n'
ECHO_T=''
EGREP='/bin/grep -E'
EXEEXT=''
FGREP='/bin/grep -F'
GREP='/bin/grep'
INSTALL_DATA='${INSTALL} -m 644'
INSTALL_PROGRAM='${INSTALL}'
INSTALL_SCRIPT='${INSTALL}'
INSTALL_STRIP_PROGRAM='$(install_sh) -c -s'
LD='/usr/bin/ld -m elf_x86_64'
LDFLAGS=''
LIBOBJS=''
LIBS=''
LIBTOOL='$(SHELL) $(top_builddir)/libtool'
LIPO=''
LN_S='ln -s'
LTLIBOBJS=''
LT_SYS_LIBRARY_PATH=''
MAKEINFO='${SHELL} /home/panda/missing makeinfo'
MANIFEST_TOOL=':'
MKDIR_P='/bin/mkdir -p'
NM='/usr/bin/nm -B'
NMEDIT=''
OBJDUMP='objdump'
OBJEXT='o'
OTOOL64=''
OTOOL=''
PACKAGE='full-package-name'
PACKAGE_BUGREPORT='BUG-REPORT-ADDRESS'
PACKAGE_NAME='FULL-PACKAGE-NAME'
PACKAGE_STRING='FULL-PACKAGE-NAME VERSION'
PACKAGE_TARNAME='full-package-name'
PACKAGE_URL=''
PACKAGE_VERSION='VERSION'
PATH_SEPARATOR=':'
RANLIB='ranlib'
SED='/bin/sed'
SET_MAKE=''
SHELL='/bin/bash'
STRIP='strip'
VERSION='VERSION'
ac_ct_AR='ar'
ac_ct_CC='gcc'
ac_ct_CXX='g++'
ac_ct_DUMPBIN=''
am__EXEEXT_FALSE=''
am__EXEEXT_TRUE='#'
am__fastdepCC_FALSE='#'
am__fastdepCC_TRUE=''
am__fastdepCXX_FALSE='#'
am__fastdepCXX_TRUE=''
am__include='include'
am__isrc=''
am__leading_dot='.'
am__nodep='_no'
am__quote=''
am__tar='$${TAR-tar} chof - "$$tardir"'
am__untar='$${TAR-tar} xf -'
bindir='${exec_prefix}/bin'
build='x86_64-pc-linux-gnu'
build_alias=''
build_cpu='x86_64'
build_os='linux-gnu'
build_vendor='pc'
datadir='${datarootdir}'
datarootdir='${prefix}/share'
docdir='${datarootdir}/doc/${PACKAGE_TARNAME}'
dvidir='${docdir}'
exec_prefix='${prefix}'
host='x86_64-pc-linux-gnu'
host_alias=''
host_cpu='x86_64'
host_os='linux-gnu'
host_vendor='pc'
htmldir='${docdir}'
includedir='${prefix}/include'
infodir='${datarootdir}/info'
install_sh='${SHELL} /home/panda/install-sh'
libdir='${exec_prefix}/lib'
libexecdir='${exec_prefix}/libexec'
localedir='${datarootdir}/locale'
localstatedir='${prefix}/var'
mandir='${datarootdir}/man'
mkdir_p='$(MKDIR_P)'
oldincludedir='/usr/include'
pdfdir='${docdir}'
prefix='/usr/local'
program_transform_name='s,x,x,'
psdir='${docdir}'
runstatedir='${localstatedir}/run'
sbindir='${exec_prefix}/sbin'
sharedstatedir='${prefix}/com'
sysconfdir='${prefix}/etc'
target_alias=''

## ----------- ##
## confdefs.h. ##
## ----------- ##

/* confdefs.h */
#define PACKAGE_NAME "FULL-PACKAGE-NAME"
#define PACKAGE_TARNAME "full-package-name"
#define PACKAGE_VERSION "VERSION"
#define PACKAGE_STRING "FULL-PACKAGE-NAME VERSION"
#define PACKAGE_BUGREPORT "BUG-REPORT-ADDRESS"
#define PACKAGE_URL ""
#define PACKAGE "full-package-name"
#define VERSION "VERSION"
#define STDC_HEADERS 1
#define HAVE_SYS_TYPES_H 1
#define HAVE_SYS_STAT_H 1
#define HAVE_STDLIB_H 1
#define HAVE_STRING_H 1
#define HAVE_MEMORY_H 1
#define HAVE_STRINGS_H 1
#define HAVE_INTTYPES_H 1
#define HAVE_STDINT_H 1
#define HAVE_UNISTD_H 1
#define HAVE_DLFCN_H 1
#define LT_OBJDIR ".libs/"
#define HAVE_STDINT_H 1
#define HAVE_STDLIB_H 1
#define HAVE_STRING_H 1
#define HAVE_SYS_SOCKET_H 1
#define HAVE_SYSLOG_H 1
#define HAVE_UNISTD_H 1
#define HAVE_FORK 1
#define HAVE_VFORK 1
#define HAVE_WORKING_VFORK 1
#define HAVE_WORKING_FORK 1
#define HAVE_STDLIB_H 1
#define HAVE_MALLOC 1
#define HAVE_STDLIB_H 1
#define HAVE_REALLOC 1
#define HAVE_MEMMOVE 1
#define HAVE_MEMSET 1
#define HAVE_SOCKET 1
#define HAVE_STRDUP 1

configure: exit 0
